<?xml version="1.0" encoding="UTF-8"?>
<testng-results ignored="0" total="3" passed="3" failed="0" skipped="0">
  <reporter-output>
  </reporter-output>
  <suite started-at="2022-10-24T01:28:25 EDT" name="AllTests" finished-at="2022-10-24T01:28:52 EDT" duration-ms="26529">
    <groups>
    </groups>
    <test started-at="2022-10-24T01:28:25 EDT" name="PositiveTests" finished-at="2022-10-24T01:28:35 EDT" duration-ms="9688">
      <class name="com.herokuapp.theinternet.PositiveTests">
        <test-method signature="loginTest()[pri:0, instance:com.herokuapp.theinternet.PositiveTests@318ba8c8]" started-at="2022-10-24T01:28:25 EDT" name="loginTest" finished-at="2022-10-24T01:28:35 EDT" duration-ms="9662" status="PASS">
          <reporter-output>
          </reporter-output>
        </test-method> <!-- loginTest -->
      </class> <!-- com.herokuapp.theinternet.PositiveTests -->
    </test> <!-- PositiveTests -->
    <test started-at="2022-10-24T01:28:35 EDT" name="NegativeTests" finished-at="2022-10-24T01:28:52 EDT" duration-ms="16726">
      <class name="com.herokuapp.theinternet.NegativeTests">
        <test-method signature="incorrectPasswordTest()[pri:0, instance:com.herokuapp.theinternet.NegativeTests@bef2d72]" started-at="2022-10-24T01:28:35 EDT" name="incorrectPasswordTest" finished-at="2022-10-24T01:28:44 EDT" duration-ms="8356" status="PASS">
          <reporter-output>
          </reporter-output>
        </test-method> <!-- incorrectPasswordTest -->
        <test-method signature="incorrectUserNameTest()[pri:0, instance:com.herokuapp.theinternet.NegativeTests@bef2d72]" started-at="2022-10-24T01:28:44 EDT" name="incorrectUserNameTest" finished-at="2022-10-24T01:28:52 EDT" duration-ms="8366" status="PASS">
          <reporter-output>
          </reporter-output>
        </test-method> <!-- incorrectUserNameTest -->
      </class> <!-- com.herokuapp.theinternet.NegativeTests -->
    </test> <!-- NegativeTests -->
  </suite> <!-- AllTests -->
</testng-results>
