<?xml version="1.0" encoding="UTF-8"?>
<!-- Generated by org.testng.reporters.JUnitXMLReporter -->
<testsuite ignored="0" hostname="Trivendras-MBP" failures="0" tests="2" name="NegativeTests" time="16.726" errors="0" timestamp="2022-10-24T01:28:52 EDT">
  <testcase classname="com.herokuapp.theinternet.NegativeTests" name="incorrectPasswordTest" time="8.356"/>
  <testcase classname="com.herokuapp.theinternet.NegativeTests" name="incorrectUserNameTest" time="8.366"/>
</testsuite> <!-- NegativeTests -->
